# JRE version: Java(TM) SE Runtime Environment (20.0.2+9) (build 20.0.2+9-78)
# Java VM: Java HotSpot(TM) 64-Bit Server VM (20.0.2+9-78, mixed mode, sharing, tiered, compressed oops, compressed class ptrs, g1 gc, windows-amd64)
GC Precious Log:
 CardTable entry size: 512
 Card Set container configuration: InlinePtr #cards 5 size 8 Array Of Cards #cards 12 size 40 Howl #buckets 4 coarsen threshold 1843 Howl Bitmap #cards 512 size 80 coarsen threshold 460 Card regions per heap region 1 cards per card region 2048
 CPUs: 12 total, 12 available
 Memory: 7832M
 Large Page Support: Disabled
 NUMA Support: Disabled
 Compressed Oops: Enabled (32-bit)
 Heap Region Size: 1M
 Heap Min Capacity: 8M
 Heap Initial Capacity: 8M
 Heap Max Capacity: 1960M
 Pre-touch: Disabled
 Parallel Workers: 10
 Concurrent Workers: 3
 Concurrent Refinement Workers: 10
 Periodic GC: Disabled
Heap:
 garbage-first heap   total 40960K, used 16303K [0x0000000085800000, 0x0000000100000000)
  region size 1024K, 6 young (6144K), 2 survivors (2048K)
 Metaspace       used 12227K, committed 12544K, reserved 1114112K
  class space    used 1265K, committed 1408K, reserved 1048576K
GC Heap History (20 events):
Event: 0.403 GC heap before
{Heap before GC invocations=7 (full 0):
 garbage-first heap   total 10240K, used 6971K [0x0000000085800000, 0x0000000100000000)
  region size 1024K, 4 young (4096K), 1 survivors (1024K)
 Metaspace       used 8091K, committed 8256K, reserved 1114112K
  class space    used 888K, committed 960K, reserved 1048576K
}
Event: 0.405 GC heap after
{Heap after GC invocations=8 (full 0):
 garbage-first heap   total 10240K, used 4509K [0x0000000085800000, 0x0000000100000000)
  region size 1024K, 1 young (1024K), 1 survivors (1024K)
 Metaspace       used 8091K, committed 8256K, reserved 1114112K
  class space    used 888K, committed 960K, reserved 1048576K
}
Event: 0.426 GC heap before
{Heap before GC invocations=8 (full 0):
 garbage-first heap   total 10240K, used 6557K [0x0000000085800000, 0x0000000100000000)
  region size 1024K, 3 young (3072K), 1 survivors (1024K)
 Metaspace       used 8162K, committed 8320K, reserved 1114112K
  class space    used 895K, committed 960K, reserved 1048576K
}
Event: 0.428 GC heap after
{Heap after GC invocations=9 (full 0):
 garbage-first heap   total 16384K, used 5108K [0x0000000085800000, 0x0000000100000000)
  region size 1024K, 1 young (1024K), 1 survivors (1024K)
 Metaspace       used 8162K, committed 8320K, reserved 1114112K
  class space    used 895K, committed 960K, reserved 1048576K
}
Event: 0.491 GC heap before
{Heap before GC invocations=9 (full 0):
 garbage-first heap   total 16384K, used 10228K [0x0000000085800000, 0x0000000100000000)
  region size 1024K, 6 young (6144K), 1 survivors (1024K)
 Metaspace       used 8697K, committed 8896K, reserved 1114112K
  class space    used 955K, committed 1024K, reserved 1048576K
}
Event: 0.493 GC heap after
{Heap after GC invocations=10 (full 0):
 garbage-first heap   total 16384K, used 6137K [0x0000000085800000, 0x0000000100000000)
  region size 1024K, 1 young (1024K), 1 survivors (1024K)
 Metaspace       used 8697K, committed 8896K, reserved 1114112K
  class space    used 955K, committed 1024K, reserved 1048576K
}
Event: 0.525 GC heap before
{Heap before GC invocations=10 (full 0):
 garbage-first heap   total 16384K, used 10233K [0x0000000085800000, 0x0000000100000000)
  region size 1024K, 5 young (5120K), 1 survivors (1024K)
 Metaspace       used 8879K, committed 9088K, reserved 1114112K
  class space    used 972K, committed 1088K, reserved 1048576K
}
Event: 0.527 GC heap after
{Heap after GC invocations=11 (full 0):
 garbage-first heap   total 16384K, used 6877K [0x0000000085800000, 0x0000000100000000)
  region size 1024K, 1 young (1024K), 1 survivors (1024K)
 Metaspace       used 8879K, committed 9088K, reserved 1114112K
  class space    used 972K, committed 1088K, reserved 1048576K
}
Event: 0.533 GC heap before
{Heap before GC invocations=11 (full 0):
 garbage-first heap   total 16384K, used 10973K [0x0000000085800000, 0x0000000100000000)
  region size 1024K, 5 young (5120K), 1 survivors (1024K)
 Metaspace       used 8883K, committed 9088K, reserved 1114112K
  class space    used 972K, committed 1088K, reserved 1048576K
}
Event: 0.534 GC heap after
{Heap after GC invocations=12 (full 0):
 garbage-first heap   total 16384K, used 7416K [0x0000000085800000, 0x0000000100000000)
  region size 1024K, 1 young (1024K), 1 survivors (1024K)
 Metaspace       used 8883K, committed 9088K, reserved 1114112K
  class space    used 972K, committed 1088K, reserved 1048576K
}
Event: 0.565 GC heap before
{Heap before GC invocations=12 (full 0):
 garbage-first heap   total 16384K, used 10488K [0x0000000085800000, 0x0000000100000000)
  region size 1024K, 5 young (5120K), 1 survivors (1024K)
 Metaspace       used 9037K, committed 9216K, reserved 1114112K
  class space    used 988K, committed 1088K, reserved 1048576K
}
Event: 0.567 GC heap after
{Heap after GC invocations=13 (full 0):
 garbage-first heap   total 32768K, used 8381K [0x0000000085800000, 0x0000000100000000)
  region size 1024K, 1 young (1024K), 1 survivors (1024K)
 Metaspace       used 9037K, committed 9216K, reserved 1114112K
  class space    used 988K, committed 1088K, reserved 1048576K
}
Event: 0.815 GC heap before
{Heap before GC invocations=13 (full 0):
 garbage-first heap   total 32768K, used 21693K [0x0000000085800000, 0x0000000100000000)
  region size 1024K, 15 young (15360K), 1 survivors (1024K)
 Metaspace       used 11038K, committed 11328K, reserved 1114112K
  class space    used 1212K, committed 1344K, reserved 1048576K
}
Event: 0.819 GC heap after
{Heap after GC invocations=14 (full 0):
 garbage-first heap   total 32768K, used 10918K [0x0000000085800000, 0x0000000100000000)
  region size 1024K, 2 young (2048K), 2 survivors (2048K)
 Metaspace       used 11038K, committed 11328K, reserved 1114112K
  class space    used 1212K, committed 1344K, reserved 1048576K
}
Event: 0.988 GC heap before
{Heap before GC invocations=14 (full 0):
 garbage-first heap   total 32768K, used 23206K [0x0000000085800000, 0x0000000100000000)
  region size 1024K, 14 young (14336K), 2 survivors (2048K)
 Metaspace       used 11565K, committed 11776K, reserved 1114112K
  class space    used 1228K, committed 1344K, reserved 1048576K
}
Event: 0.991 GC heap after
{Heap after GC invocations=15 (full 0):
 garbage-first heap   total 32768K, used 11623K [0x0000000085800000, 0x0000000100000000)
  region size 1024K, 1 young (1024K), 1 survivors (1024K)
 Metaspace       used 11565K, committed 11776K, reserved 1114112K
  class space    used 1228K, committed 1344K, reserved 1048576K
}
Event: 1.111 GC heap before
{Heap before GC invocations=15 (full 0):
 garbage-first heap   total 32768K, used 25959K [0x0000000085800000, 0x0000000100000000)
  region size 1024K, 14 young (14336K), 1 survivors (1024K)
 Metaspace       used 11919K, committed 12160K, reserved 1114112K
  class space    used 1248K, committed 1344K, reserved 1048576K
}
Event: 1.113 GC heap after
{Heap after GC invocations=16 (full 0):
 garbage-first heap   total 32768K, used 12881K [0x0000000085800000, 0x0000000100000000)
  region size 1024K, 1 young (1024K), 1 survivors (1024K)
 Metaspace       used 11919K, committed 12160K, reserved 1114112K
  class space    used 1248K, committed 1344K, reserved 1048576K
}
Event: 1.222 GC heap before
{Heap before GC invocations=16 (full 0):
 garbage-first heap   total 32768K, used 27217K [0x0000000085800000, 0x0000000100000000)
  region size 1024K, 15 young (15360K), 1 survivors (1024K)
 Metaspace       used 12180K, committed 12416K, reserved 1114112K
  class space    used 1259K, committed 1344K, reserved 1048576K
}
Event: 1.224 GC heap after
{Heap after GC invocations=17 (full 0):
 garbage-first heap   total 40960K, used 13231K [0x0000000085800000, 0x0000000100000000)
  region size 1024K, 2 young (2048K), 2 survivors (2048K)
 Metaspace       used 12180K, committed 12416K, reserved 1114112K
  class space    used 1259K, committed 1344K, reserved 1048576K
}

